<?xml version="1.0" encoding="UTF-8"?>
<testng-results ignored="0" total="1" passed="1" failed="0" skipped="0">
  <reporter-output>
  </reporter-output>
  <suite started-at="2024-12-19T11:17:19 IST" name="Suite" finished-at="2024-12-19T11:17:41 IST" duration-ms="21678">
    <groups>
    </groups>
    <test started-at="2024-12-19T11:17:19 IST" name="Test" finished-at="2024-12-19T11:17:41 IST" duration-ms="21678">
      <class name="Demo121.sample121">
        <test-method signature="test1()[pri:0, instance:Demo121.sample121@7586beff]" started-at="2024-12-19T11:17:19 IST" name="test1" finished-at="2024-12-19T11:17:41 IST" duration-ms="21623" status="PASS">
          <reporter-output>
          </reporter-output>
        </test-method> <!-- test1 -->
      </class> <!-- Demo121.sample121 -->
    </test> <!-- Test -->
  </suite> <!-- Suite -->
</testng-results>
